<?xml version="1.0" encoding="UTF-8" ?>
<testsuites>
  <testsuite errors="0" failures="0" hostname="textorm-pc" id="0" name="ControllerTest" package="org.puremvc.java.core" tests="5" time="0.141" timestamp="2010-11-11T19:36:05">
      <properties>
[...]
</properties>

      <testcase classname="org.puremvc.java.core.ControllerTest" name="testGetInstance" time="0.015" />

      <testcase classname="org.puremvc.java.core.ControllerTest" name="testRegisterAndExecuteCommand" time="0.016" />

      <testcase classname="org.puremvc.java.core.ControllerTest" name="testRegisterAndRemoveCommand" time="0.0" />

      <testcase classname="org.puremvc.java.core.ControllerTest" name="testHasCommand" time="0.0" />

      <testcase classname="org.puremvc.java.core.ControllerTest" name="testReregisterAndExecuteCommand" time="0.0" />

      <system-out><![CDATA[]]></system-out>

      <system-err><![CDATA[]]></system-err>

  </testsuite>
  <testsuite errors="0" failures="0" hostname="textorm-pc" id="1" name="ModelTest" package="org.puremvc.java.core" tests="4" time="0.078" timestamp="2010-11-11T19:36:05">
      <properties>
[...]
</properties>

      <testcase classname="org.puremvc.java.core.ModelTest" name="testGetInstance" time="0.0" />

      <testcase classname="org.puremvc.java.core.ModelTest" name="testRegisterAndRetrieveProxy" time="0.016" />

      <testcase classname="org.puremvc.java.core.ModelTest" name="testRegisterAndRemoveProxy" time="0.0" />

      <testcase classname="org.puremvc.java.core.ModelTest" name="testHasProxy" time="0.0" />

      <system-out><![CDATA[]]></system-out>

      <system-err><![CDATA[]]></system-err>

  </testsuite>
  <testsuite errors="0" failures="0" hostname="textorm-pc" id="2" name="ViewTest" package="org.puremvc.java.core" tests="11" time="0.171" timestamp="2010-11-11T19:36:06">
      <properties>
[...]
</properties>

      <testcase classname="org.puremvc.java.core.ViewTest" name="testGetInstance" time="0.016" />

      <testcase classname="org.puremvc.java.core.ViewTest" name="testRegisterAndNotifyObserver" time="0.0" />

      <testcase classname="org.puremvc.java.core.ViewTest" name="testRegisterAndRetrieveMediator" time="0.031" />

      <testcase classname="org.puremvc.java.core.ViewTest" name="testHasMediator" time="0.0" />

      <testcase classname="org.puremvc.java.core.ViewTest" name="testRegisterAndRemoveMediator" time="0.0" />

      <testcase classname="org.puremvc.java.core.ViewTest" name="testOnRegisterAndOnRemove" time="0.0" />

      <testcase classname="org.puremvc.java.core.ViewTest" name="testSuccessiveRegisterAndRemoveMediator" time="0.0" />

      <testcase classname="org.puremvc.java.core.ViewTest" name="testRemoveMediatorAndSubsequentNotify" time="0.015" />

      <testcase classname="org.puremvc.java.core.ViewTest" name="testRemoveOneOfTwoMediatorsAndSubsequentNotify" time="0.0" />

      <testcase classname="org.puremvc.java.core.ViewTest" name="testMediatorReregistration" time="0.0" />

      <testcase classname="org.puremvc.java.core.ViewTest" name="testModifyObserverListDuringNotification" time="0.0" />

      <system-out><![CDATA[]]></system-out>

      <system-err><![CDATA[]]></system-err>

  </testsuite>
  <testsuite errors="0" failures="0" hostname="textorm-pc" id="3" name="MacroCommandTest" package="org.puremvc.java.patterns.command" tests="1" time="0.125" timestamp="2010-11-11T19:36:06">
      <properties>
[...]
</properties>

      <testcase classname="org.puremvc.java.patterns.command.MacroCommandTest" name="testMacroCommandExecute" time="0.031" />

      <system-out><![CDATA[]]></system-out>

      <system-err><![CDATA[]]></system-err>

  </testsuite>
  <testsuite errors="0" failures="0" hostname="textorm-pc" id="4" name="SimpleCommandTest" package="org.puremvc.java.patterns.command" tests="1" time="0.14" timestamp="2010-11-11T19:36:07">
      <properties>
[...]
</properties>

      <testcase classname="org.puremvc.java.patterns.command.SimpleCommandTest" name="testSimpleCommandExecute" time="0.031" />

      <system-out><![CDATA[]]></system-out>

      <system-err><![CDATA[]]></system-err>

  </testsuite>
  <testsuite errors="0" failures="0" hostname="textorm-pc" id="5" name="FacadeTest" package="org.puremvc.java.patterns.facade" tests="9" time="0.156" timestamp="2010-11-11T19:36:07">
      <properties>
[...]
</properties>

      <testcase classname="org.puremvc.java.patterns.facade.FacadeTest" name="testGetInstance" time="0.032" />

      <testcase classname="org.puremvc.java.patterns.facade.FacadeTest" name="testRegisterCommandAndSendNotification" time="0.015" />

      <testcase classname="org.puremvc.java.patterns.facade.FacadeTest" name="testRegisterAndRemoveCommandAndSendNotification" time="0.0" />

      <testcase classname="org.puremvc.java.patterns.facade.FacadeTest" name="testRegisterAndRetrieveProxy" time="0.0" />

      <testcase classname="org.puremvc.java.patterns.facade.FacadeTest" name="testRegisterAndRemoveProxy" time="0.0" />

      <testcase classname="org.puremvc.java.patterns.facade.FacadeTest" name="testRegisterRetrieveAndRemoveMediator" time="0.016" />

      <testcase classname="org.puremvc.java.patterns.facade.FacadeTest" name="testHasProxy" time="0.0" />

      <testcase classname="org.puremvc.java.patterns.facade.FacadeTest" name="testHasMediator" time="0.0" />

      <testcase classname="org.puremvc.java.patterns.facade.FacadeTest" name="testHasCommand" time="0.0" />

      <system-out><![CDATA[]]></system-out>

      <system-err><![CDATA[]]></system-err>

  </testsuite>
  <testsuite errors="0" failures="0" hostname="textorm-pc" id="6" name="MediatorTest" package="org.puremvc.java.patterns.mediator" tests="2" time="0.109" timestamp="2010-11-11T19:36:08">
      <properties>
[...]
</properties>

      <testcase classname="org.puremvc.java.patterns.mediator.MediatorTest" name="testNameAccessor" time="0.016" />

      <testcase classname="org.puremvc.java.patterns.mediator.MediatorTest" name="testViewAccessor" time="0.0" />

      <system-out><![CDATA[]]></system-out>

      <system-err><![CDATA[]]></system-err>

  </testsuite>
  <testsuite errors="0" failures="0" hostname="textorm-pc" id="7" name="NotificationTest" package="org.puremvc.java.patterns.observer" tests="4" time="0.141" timestamp="2010-11-11T19:36:08">
      <properties>
[...]
</properties>

      <testcase classname="org.puremvc.java.patterns.observer.NotificationTest" name="testNameAccessors" time="0.0" />

      <testcase classname="org.puremvc.java.patterns.observer.NotificationTest" name="testBodyAccessors" time="0.0" />

      <testcase classname="org.puremvc.java.patterns.observer.NotificationTest" name="testConstructor" time="0.0" />

      <testcase classname="org.puremvc.java.patterns.observer.NotificationTest" name="testToString" time="0.0" />

      <system-out><![CDATA[]]></system-out>

      <system-err><![CDATA[]]></system-err>

  </testsuite>
  <testsuite errors="0" failures="0" hostname="textorm-pc" id="8" name="ObserverTest" package="org.puremvc.java.patterns.observer" tests="3" time="0.125" timestamp="2010-11-11T19:36:09">
      <properties>
[...]
</properties>

      <testcase classname="org.puremvc.java.patterns.observer.ObserverTest" name="testObserverAccessors" time="0.016" />

      <testcase classname="org.puremvc.java.patterns.observer.ObserverTest" name="testObserverConstructor" time="0.0" />

      <testcase classname="org.puremvc.java.patterns.observer.ObserverTest" name="testCompareNotifyContext" time="0.0" />

      <system-out><![CDATA[]]></system-out>

      <system-err><![CDATA[]]></system-err>

  </testsuite>
  <testsuite errors="0" failures="0" hostname="textorm-pc" id="9" name="ProxyTest" package="org.puremvc.java.patterns.proxy" tests="3" time="0.11" timestamp="2010-11-11T19:36:10">
      <properties>
[...]
</properties>

      <testcase classname="org.puremvc.java.patterns.proxy.ProxyTest" name="testNameAccessor" time="0.016" />

      <testcase classname="org.puremvc.java.patterns.proxy.ProxyTest" name="testDataAccessors" time="0.0" />

      <testcase classname="org.puremvc.java.patterns.proxy.ProxyTest" name="testConstructor" time="0.0" />

      <system-out><![CDATA[]]></system-out>

      <system-err><![CDATA[]]></system-err>

  </testsuite>
</testsuites>
